# JRE version: Java(TM) SE Runtime Environment (21.0.2+13) (build 21.0.2+13-LTS-58)
# Java VM: Java HotSpot(TM) 64-Bit Server VM (21.0.2+13-LTS-58, mixed mode, sharing, tiered, compressed oops, compressed class ptrs, g1 gc, windows-amd64)
GC Precious Log:
 CardTable entry size: 512
 Card Set container configuration: InlinePtr #cards 5 size 8 Array Of Cards #cards 12 size 40 Howl #buckets 4 coarsen threshold 1843 Howl Bitmap #cards 512 size 80 coarsen threshold 460 Card regions per heap region 1 cards per card region 2048
 CPUs: 8 total, 8 available
 Memory: 6017M
 Large Page Support: Disabled
 NUMA Support: Disabled
 Compressed Oops: Enabled (32-bit)
 Heap Region Size: 1M
 Heap Min Capacity: 8M
 Heap Initial Capacity: 96M
 Heap Max Capacity: 1506M
 Pre-touch: Disabled
 Parallel Workers: 8
 Concurrent Workers: 2
 Concurrent Refinement Workers: 8
 Periodic GC: Disabled
Heap:
 garbage-first heap   total 92160K, used 62766K [0x00000000a1e00000, 0x0000000100000000)
  region size 1024K, 28 young (28672K), 1 survivors (1024K)
 Metaspace       used 85595K, committed 88576K, reserved 1179648K
  class space    used 10948K, committed 11648K, reserved 1048576K
GC Heap History (20 events):
Event: 5850.791 GC heap before
{Heap before GC invocations=108 (full 4):
 garbage-first heap   total 92160K, used 85142K [0x00000000a1e00000, 0x0000000100000000)
  region size 1024K, 44 young (45056K), 1 survivors (1024K)
 Metaspace       used 88388K, committed 89600K, reserved 1179648K
  class space    used 11218K, committed 11712K, reserved 1048576K
}
Event: 5850.849 GC heap after
{Heap after GC invocations=109 (full 4):
 garbage-first heap   total 92160K, used 38941K [0x00000000a1e00000, 0x0000000100000000)
  region size 1024K, 2 young (2048K), 2 survivors (2048K)
 Metaspace       used 88388K, committed 89600K, reserved 1179648K
  class space    used 11218K, committed 11712K, reserved 1048576K
}
Event: 5974.789 GC heap before
{Heap before GC invocations=109 (full 4):
 garbage-first heap   total 92160K, used 83997K [0x00000000a1e00000, 0x0000000100000000)
  region size 1024K, 46 young (47104K), 2 survivors (2048K)
 Metaspace       used 88500K, committed 89600K, reserved 1179648K
  class space    used 11218K, committed 11712K, reserved 1048576K
}
Event: 5974.798 GC heap after
{Heap after GC invocations=110 (full 4):
 garbage-first heap   total 92160K, used 38909K [0x00000000a1e00000, 0x0000000100000000)
  region size 1024K, 1 young (1024K), 1 survivors (1024K)
 Metaspace       used 88500K, committed 89600K, reserved 1179648K
  class space    used 11218K, committed 11712K, reserved 1048576K
}
Event: 6103.178 GC heap before
{Heap before GC invocations=111 (full 4):
 garbage-first heap   total 92160K, used 84989K [0x00000000a1e00000, 0x0000000100000000)
  region size 1024K, 47 young (48128K), 1 survivors (1024K)
 Metaspace       used 87250K, committed 89216K, reserved 1179648K
  class space    used 11094K, committed 11712K, reserved 1048576K
}
Event: 6103.198 GC heap after
{Heap after GC invocations=112 (full 4):
 garbage-first heap   total 92160K, used 38917K [0x00000000a1e00000, 0x0000000100000000)
  region size 1024K, 2 young (2048K), 2 survivors (2048K)
 Metaspace       used 87250K, committed 89216K, reserved 1179648K
  class space    used 11094K, committed 11712K, reserved 1048576K
}
Event: 6238.386 GC heap before
{Heap before GC invocations=112 (full 4):
 garbage-first heap   total 92160K, used 83973K [0x00000000a1e00000, 0x0000000100000000)
  region size 1024K, 46 young (47104K), 2 survivors (2048K)
 Metaspace       used 87250K, committed 89216K, reserved 1179648K
  class space    used 11094K, committed 11712K, reserved 1048576K
}
Event: 6238.414 GC heap after
{Heap after GC invocations=113 (full 4):
 garbage-first heap   total 92160K, used 37633K [0x00000000a1e00000, 0x0000000100000000)
  region size 1024K, 2 young (2048K), 2 survivors (2048K)
 Metaspace       used 87250K, committed 89216K, reserved 1179648K
  class space    used 11094K, committed 11712K, reserved 1048576K
}
Event: 6376.255 GC heap before
{Heap before GC invocations=113 (full 4):
 garbage-first heap   total 92160K, used 83713K [0x00000000a1e00000, 0x0000000100000000)
  region size 1024K, 47 young (48128K), 2 survivors (2048K)
 Metaspace       used 87250K, committed 89216K, reserved 1179648K
  class space    used 11094K, committed 11712K, reserved 1048576K
}
Event: 6376.270 GC heap after
{Heap after GC invocations=114 (full 4):
 garbage-first heap   total 92160K, used 37600K [0x00000000a1e00000, 0x0000000100000000)
  region size 1024K, 1 young (1024K), 1 survivors (1024K)
 Metaspace       used 87250K, committed 89216K, reserved 1179648K
  class space    used 11094K, committed 11712K, reserved 1048576K
}
Event: 6520.938 GC heap before
{Heap before GC invocations=115 (full 4):
 garbage-first heap   total 92160K, used 85728K [0x00000000a1e00000, 0x0000000100000000)
  region size 1024K, 48 young (49152K), 1 survivors (1024K)
 Metaspace       used 87239K, committed 89216K, reserved 1179648K
  class space    used 11091K, committed 11712K, reserved 1048576K
}
Event: 6521.000 GC heap after
{Heap after GC invocations=116 (full 4):
 garbage-first heap   total 92160K, used 37643K [0x00000000a1e00000, 0x0000000100000000)
  region size 1024K, 2 young (2048K), 2 survivors (2048K)
 Metaspace       used 87239K, committed 89216K, reserved 1179648K
  class space    used 11091K, committed 11712K, reserved 1048576K
}
Event: 6659.314 GC heap before
{Heap before GC invocations=116 (full 4):
 garbage-first heap   total 92160K, used 83723K [0x00000000a1e00000, 0x0000000100000000)
  region size 1024K, 47 young (48128K), 2 survivors (2048K)
 Metaspace       used 87239K, committed 89216K, reserved 1179648K
  class space    used 11091K, committed 11712K, reserved 1048576K
}
Event: 6659.333 GC heap after
{Heap after GC invocations=117 (full 4):
 garbage-first heap   total 92160K, used 36634K [0x00000000a1e00000, 0x0000000100000000)
  region size 1024K, 1 young (1024K), 1 survivors (1024K)
 Metaspace       used 87239K, committed 89216K, reserved 1179648K
  class space    used 11091K, committed 11712K, reserved 1048576K
}
Event: 6803.590 GC heap before
{Heap before GC invocations=117 (full 4):
 garbage-first heap   total 92160K, used 84762K [0x00000000a1e00000, 0x0000000100000000)
  region size 1024K, 48 young (49152K), 1 survivors (1024K)
 Metaspace       used 87239K, committed 89216K, reserved 1179648K
  class space    used 11091K, committed 11712K, reserved 1048576K
}
Event: 6803.608 GC heap after
{Heap after GC invocations=118 (full 4):
 garbage-first heap   total 92160K, used 36735K [0x00000000a1e00000, 0x0000000100000000)
  region size 1024K, 1 young (1024K), 1 survivors (1024K)
 Metaspace       used 87239K, committed 89216K, reserved 1179648K
  class space    used 11091K, committed 11712K, reserved 1048576K
}
Event: 6947.238 GC heap before
{Heap before GC invocations=119 (full 4):
 garbage-first heap   total 92160K, used 84863K [0x00000000a1e00000, 0x0000000100000000)
  region size 1024K, 48 young (49152K), 1 survivors (1024K)
 Metaspace       used 85589K, committed 88576K, reserved 1179648K
  class space    used 10948K, committed 11648K, reserved 1048576K
}
Event: 6947.240 GC heap after
{Heap after GC invocations=120 (full 4):
 garbage-first heap   total 92160K, used 36749K [0x00000000a1e00000, 0x0000000100000000)
  region size 1024K, 1 young (1024K), 1 survivors (1024K)
 Metaspace       used 85589K, committed 88576K, reserved 1179648K
  class space    used 10948K, committed 11648K, reserved 1048576K
}
Event: 7090.432 GC heap before
{Heap before GC invocations=120 (full 4):
 garbage-first heap   total 92160K, used 84877K [0x00000000a1e00000, 0x0000000100000000)
  region size 1024K, 48 young (49152K), 1 survivors (1024K)
 Metaspace       used 85592K, committed 88576K, reserved 1179648K
  class space    used 10948K, committed 11648K, reserved 1048576K
}
Event: 7090.441 GC heap after
{Heap after GC invocations=121 (full 4):
 garbage-first heap   total 92160K, used 36142K [0x00000000a1e00000, 0x0000000100000000)
  region size 1024K, 1 young (1024K), 1 survivors (1024K)
 Metaspace       used 85592K, committed 88576K, reserved 1179648K
  class space    used 10948K, committed 11648K, reserved 1048576K
}

